<?xml version="1.0" encoding="UTF-8"?>
<!-- Generated by org.testng.reporters.JUnitXMLReporter -->
<testsuite ignored="3" hostname="XSC-10261-RAJESHWARI" failures="0" tests="4" name="Test" time="69.774" errors="0" timestamp="2023-02-10T09:47:38 IST">
  <testcase classname="testcase.Login" name="@BeforeTest LoginByPin" time="26.774">
    <failure type="org.openqa.selenium.NoSuchElementException" message="An element could not be located on the page using the given search parameters.
For documentation on this error, please visit: https://www.seleniumhq.org/exceptions/no_such_element.html
Build info: version: &amp;apos;3.141.59&amp;apos;, revision: &amp;apos;e82be7d358&amp;apos;, time: &amp;apos;2018-11-14T08:17:03&amp;apos;
System info: host: &amp;apos;XSC-10261-RAJES&amp;apos;, ip: &amp;apos;192.168.9.76&amp;apos;, os.name: &amp;apos;Windows 10&amp;apos;, os.arch: &amp;apos;amd64&amp;apos;, os.version: &amp;apos;10.0&amp;apos;, java.version: &amp;apos;17.0.1&amp;apos;
Driver info: io.appium.java_client.AppiumDriver
Capabilities {appActivity: com.xcelcorp.cd.splash.Spla..., appPackage: com.wtcf, databaseEnabled: false, desired: {appActivity: com.xcelcorp.cd.splash.Spla..., appPackage: com.wtcf, deviceName: INTEX_AQUA_LIONS_3, platformName: android, platformVersion: 7.0, udid: FEZLG6I7QSCYN7FA}, deviceApiLevel: 24, deviceManufacturer: INTEX, deviceModel: INTEX AQUA LIONS 3, deviceName: FEZLG6I7QSCYN7FA, deviceScreenDensity: 320, deviceScreenSize: 720x1280, deviceUDID: FEZLG6I7QSCYN7FA, javascriptEnabled: true, locationContextEnabled: false, networkConnectionEnabled: true, pixelRatio: 2, platform: LINUX, platformName: Android, platformVersion: 7.0, statBarHeight: 48, takesScreenshot: true, udid: FEZLG6I7QSCYN7FA, viewportRect: {height: 1232, left: 0, top: 48, width: 720}, warnings: {}, webStorageEnabled: false}
Session ID: 641e9e70-2e32-45d5-8f5d-29c94af4524e
*** Element info: {Using=id, value=com.wtcf:id/edt_mobile}">
      <![CDATA[org.openqa.selenium.NoSuchElementException: An element could not be located on the page using the given search parameters.
For documentation on this error, please visit: https://www.seleniumhq.org/exceptions/no_such_element.html
Build info: version: '3.141.59', revision: 'e82be7d358', time: '2018-11-14T08:17:03'
System info: host: 'XSC-10261-RAJES', ip: '192.168.9.76', os.name: 'Windows 10', os.arch: 'amd64', os.version: '10.0', java.version: '17.0.1'
Driver info: io.appium.java_client.AppiumDriver
Capabilities {appActivity: com.xcelcorp.cd.splash.Spla..., appPackage: com.wtcf, databaseEnabled: false, desired: {appActivity: com.xcelcorp.cd.splash.Spla..., appPackage: com.wtcf, deviceName: INTEX_AQUA_LIONS_3, platformName: android, platformVersion: 7.0, udid: FEZLG6I7QSCYN7FA}, deviceApiLevel: 24, deviceManufacturer: INTEX, deviceModel: INTEX AQUA LIONS 3, deviceName: FEZLG6I7QSCYN7FA, deviceScreenDensity: 320, deviceScreenSize: 720x1280, deviceUDID: FEZLG6I7QSCYN7FA, javascriptEnabled: true, locationContextEnabled: false, networkConnectionEnabled: true, pixelRatio: 2, platform: LINUX, platformName: Android, platformVersion: 7.0, statBarHeight: 48, takesScreenshot: true, udid: FEZLG6I7QSCYN7FA, viewportRect: {height: 1232, left: 0, top: 48, width: 720}, warnings: {}, webStorageEnabled: false}
Session ID: 641e9e70-2e32-45d5-8f5d-29c94af4524e
*** Element info: {Using=id, value=com.wtcf:id/edt_mobile}
at org.openqa.selenium.remote.http.W3CHttpResponseCodec.createException(W3CHttpResponseCodec.java:187)
at org.openqa.selenium.remote.http.W3CHttpResponseCodec.decode(W3CHttpResponseCodec.java:122)
at org.openqa.selenium.remote.http.W3CHttpResponseCodec.decode(W3CHttpResponseCodec.java:49)
at org.openqa.selenium.remote.HttpCommandExecutor.execute(HttpCommandExecutor.java:158)
at io.appium.java_client.remote.AppiumCommandExecutor.execute(AppiumCommandExecutor.java:250)
at org.openqa.selenium.remote.RemoteWebDriver.execute(RemoteWebDriver.java:548)
at io.appium.java_client.DefaultGenericMobileDriver.execute(DefaultGenericMobileDriver.java:41)
at io.appium.java_client.AppiumDriver.execute(AppiumDriver.java:1)
at org.openqa.selenium.remote.RemoteWebDriver.findElement(RemoteWebDriver.java:322)
at io.appium.java_client.DefaultGenericMobileDriver.findElement(DefaultGenericMobileDriver.java:61)
at io.appium.java_client.AppiumDriver.findElement(AppiumDriver.java:1)
at org.openqa.selenium.remote.RemoteWebDriver.findElementById(RemoteWebDriver.java:368)
at io.appium.java_client.DefaultGenericMobileDriver.findElementById(DefaultGenericMobileDriver.java:69)
at io.appium.java_client.AppiumDriver.findElementById(AppiumDriver.java:1)
at org.openqa.selenium.By$ById.findElement(By.java:188)
at org.openqa.selenium.remote.RemoteWebDriver.findElement(RemoteWebDriver.java:314)
at io.appium.java_client.DefaultGenericMobileDriver.findElement(DefaultGenericMobileDriver.java:57)
at io.appium.java_client.AppiumDriver.findElement(AppiumDriver.java:1)
at testcase.Login.LoginByPin(Login.java:17)
... Removed 29 stack frames]]>
    </failure>
  </testcase> <!-- @BeforeTest LoginByPin -->
  <testcase classname="base.BaseClass" name="@AfterTest tearDown" time="0.0">
    <skipped/>
  </testcase> <!-- @AfterTest tearDown -->
  <testcase classname="testcase.NctRegistration" name="Nct" time="0.0">
    <skipped/>
  </testcase> <!-- Nct -->
  <testcase classname="testcase.NctRegistration" name="registration" time="0.0">
    <skipped/>
  </testcase> <!-- registration -->
  <testcase classname="testcase.NctRegistration" name="addNewMembers" time="0.0">
    <skipped/>
  </testcase> <!-- addNewMembers -->
  <testcase classname="testcase.NctRegistration" name="addMembers" time="0.0">
    <skipped/>
  </testcase> <!-- addMembers -->
  <testcase classname="base.BaseClass" name="@AfterTest tearDown" time="0.0">
    <ignored/>
  </testcase> <!-- @AfterTest tearDown -->
  <testcase classname="base.BaseClass" name="@BeforeTest setup" time="0.0">
    <ignored/>
  </testcase> <!-- @BeforeTest setup -->
  <testcase classname="testcase.Login" name="logOutTest" time="0.0">
    <ignored/>
  </testcase> <!-- logOutTest -->
</testsuite> <!-- Test -->
