<?xml version="1.0" encoding="UTF-8"?>
<!-- Generated by org.testng.reporters.JUnitXMLReporter -->
<testsuite ignored="0" hostname="XSC-10261" failures="1" tests="1" name="WIN10-FF-TEST" time="0.303" errors="0" timestamp="2022-03-15T16:47:49 IST">
  <testcase classname="saucelabtest.SauceLabsTest" name="setup" time="0.203">
    <failure type="java.lang.RuntimeException" message="java.net.URISyntaxException: Illegal character in opaque part at index 6: https:\XSC-TEST-002:e51796b8-7937-4025-8692-1a9f95026451@ondemand.saucelabs.com:443/wd/hub">
      <![CDATA[java.lang.RuntimeException: java.net.URISyntaxException: Illegal character in opaque part at index 6: https:\XSC-TEST-002:e51796b8-7937-4025-8692-1a9f95026451@ondemand.saucelabs.com:443/wd/hub
at org.openqa.selenium.remote.http.ClientConfig.baseUrl(ClientConfig.java:80)
at org.openqa.selenium.remote.RemoteWebDriver.createExecutor(RemoteWebDriver.java:182)
at org.openqa.selenium.remote.RemoteWebDriver.<init>(RemoteWebDriver.java:143)
at saucelabtest.SauceLabsTest.setup(SauceLabsTest.java:30)
at java.base/java.util.ArrayList.forEach(ArrayList.java:1511)
Caused by: java.net.URISyntaxException: Illegal character in opaque part at index 6: https:\XSC-TEST-002:e51796b8-7937-4025-8692-1a9f95026451@ondemand.saucelabs.com:443/wd/hub
at java.base/java.net.URI$Parser.fail(URI.java:2974)
at java.base/java.net.URI$Parser.checkChars(URI.java:3145)
at java.base/java.net.URI$Parser.parse(URI.java:3181)
at java.base/java.net.URI.<init>(URI.java:623)
at java.base/java.net.URL.toURI(URL.java:1056)
at org.openqa.selenium.remote.http.ClientConfig.baseUrl(ClientConfig.java:78)
... 31 more
... Removed 27 stack frames]]>
    </failure>
  </testcase> <!-- setup -->
</testsuite> <!-- WIN10-FF-TEST -->
