<?xml version="1.0" encoding="UTF-8"?>
<!-- Generated by org.testng.reporters.JUnitXMLReporter -->
<testsuite ignored="0" hostname="XSC-10261-RAJESHWARI" failures="0" tests="0" time="0.002" errors="0" timestamp="2024-06-21T09:51:08 IST">
  <testcase classname="loginTestCases.CorrectPassword" name="@BeforeSuite loginWithCorrectPassword" time="-1.718943667925E9">
    <failure type="org.testng.TestNGException" message="
Parameter &amp;apos;username&amp;apos; is required by BeforeSuite on method loginWithCorrectPassword but has not been marked @Optional or defined
in F:\SeleniumPrograms\demoProject\testng.xml">
      <![CDATA[org.testng.TestNGException: 
Parameter 'username' is required by BeforeSuite on method loginWithCorrectPassword but has not been marked @Optional or defined
in F:\SeleniumPrograms\demoProject\testng.xml
... Removed 16 stack frames]]>
    </failure>
  </testcase> <!-- @BeforeSuite loginWithCorrectPassword -->
</testsuite>
